Arguments: 
  C:\Program Files\nodejs\node.exe C:\Users\Antoni Kowalewski\AppData\Roaming\npm\node_modules\yarn\bin\yarn.js init

PATH: 
  C:\Users\Antoni Kowalewski\bin;C:\Program Files\Git\mingw64\bin;C:\Program Files\Git\usr\local\bin;C:\Program Files\Git\usr\bin;C:\Program Files\Git\usr\bin;C:\Program Files\Git\mingw64\bin;C:\Program Files\Git\usr\bin;C:\Users\Antoni Kowalewski\bin;C:\Python310\Scripts;C:\Python310;C:\Program Files (x86)\Common Files\Oracle\Java\javapath;C:\Program Files (x86)\Common Files\Intel\Shared Files\cpp\bin\Intel64;C:\WINDOWS\system32;C:\WINDOWS;C:\WINDOWS\System32\Wbem;C:\WINDOWS\System32\WindowsPowerShell\v1.0;C:\WINDOWS\System32\OpenSSH;C:\Program Files (x86)\Intel\OpenCL SDK\2.0\bin\x86;C:\Program Files (x86)\Intel\OpenCL SDK\2.0\bin\x64;C:\Program Files\Git\cmd;C:\Program Files\nodejs;C:\ProgramData\chocolatey\bin;C:\Users\Antoni Kowalewski\AppData\Local\Microsoft\WindowsApps;C:\Users\Antoni Kowalewski\AppData\Local\atom\bin;C:\Users\Antoni Kowalewski\AppData\Local\Programs\Microsoft VS Code\bin;C:\Program Files\heroku\bin;C:\Users\Antoni Kowalewski\AppData\Roaming\npm;C:\Program Files\Git\usr\bin\vendor_perl;C:\Program Files\Git\usr\bin\core_perl

Yarn version: 
  1.22.18

Node version: 
  16.15.0

Platform: 
  win32 x64

Trace: 
  Error: Can't answer a question unless a user TTY
      at ConsoleReporter.question (C:\Users\Antoni Kowalewski\AppData\Roaming\npm\node_modules\yarn\lib\cli.js:92857:59)
      at Object.<anonymous> (C:\Users\Antoni Kowalewski\AppData\Roaming\npm\node_modules\yarn\lib\cli.js:85047:38)
      at Generator.next (<anonymous>)
      at step (C:\Users\Antoni Kowalewski\AppData\Roaming\npm\node_modules\yarn\lib\cli.js:310:30)
      at C:\Users\Antoni Kowalewski\AppData\Roaming\npm\node_modules\yarn\lib\cli.js:321:13

npm manifest: 
  No manifest

yarn manifest: 
  No manifest

Lockfile: 
  No lockfile
